{"/Users/tippaphanunkungwarnkanok/CEDT/SE/Project/CEDT_Y1T2_SE_PROJECT_CAPYBARA/backend/models/Campground.js": {"path":"/Users/tippaphanunkungwarnkanok/CEDT/SE/Project/CEDT_Y1T2_SE_PROJECT_CAPYBARA/backend/models/Campground.js","statementMap":{"0":{"start":{"line":1,"column":17},"end":{"line":1,"column":36}},"1":{"start":{"line":3,"column":25},"end":{"line":55,"column":1}},"2":{"start":{"line":58,"column":0},"end":{"line":66,"column":2}},"3":{"start":{"line":62,"column":4},"end":{"line":62,"column":74}},"4":{"start":{"line":63,"column":4},"end":{"line":63,"column":73}},"5":{"start":{"line":64,"column":4},"end":{"line":64,"column":11}},"6":{"start":{"line":69,"column":0},"end":{"line":77,"column":2}},"7":{"start":{"line":73,"column":4},"end":{"line":73,"column":74}},"8":{"start":{"line":74,"column":4},"end":{"line":74,"column":74}},"9":{"start":{"line":75,"column":4},"end":{"line":75,"column":11}},"10":{"start":{"line":80,"column":0},"end":{"line":85,"column":3}},"11":{"start":{"line":88,"column":0},"end":{"line":93,"column":3}},"12":{"start":{"line":95,"column":0},"end":{"line":95,"column":64}}},"fnMap":{"0":{"name":"(anonymous_0)","decl":{"start":{"line":61,"column":2},"end":{"line":61,"column":3}},"loc":{"start":{"line":61,"column":24},"end":{"line":65,"column":3}},"line":61},"1":{"name":"(anonymous_1)","decl":{"start":{"line":72,"column":2},"end":{"line":72,"column":3}},"loc":{"start":{"line":72,"column":24},"end":{"line":76,"column":3}},"line":72}},"branchMap":{},"s":{"0":1,"1":1,"2":1,"3":0,"4":0,"5":0,"6":1,"7":0,"8":0,"9":0,"10":1,"11":1,"12":1},"f":{"0":0,"1":0},"b":{},"_coverageSchema":"1a1c01bbd47fc00a2c39e90264f33305004495a9","hash":"2630211d7baf1372b2e69e14af1f186392192d26"}
}
